{"/home/a-type/long-game/packages/game-api/src/client.ts": {"path":"/home/a-type/long-game/packages/game-api/src/client.ts","statementMap":{"0":{"start":{"line":4,"column":6},"end":{"line":4,"column":null}},"1":{"start":{"line":6,"column":28},"end":{"line":9,"column":null}},"2":{"start":{"line":8,"column":2},"end":{"line":9,"column":null}},"3":{"start":{"line":60,"column":16},"end":{"line":66,"column":null}},"4":{"start":{"line":69,"column":45},"end":{"line":69,"column":null}},"5":{"start":{"line":70,"column":38},"end":{"line":70,"column":null}},"6":{"start":{"line":75,"column":15},"end":{"line":83,"column":null}},"7":{"start":{"line":85,"column":22},"end":{"line":98,"column":null}},"8":{"start":{"line":100,"column":23},"end":{"line":140,"column":null}},"9":{"start":{"line":142,"column":23},"end":{"line":158,"column":null}},"10":{"start":{"line":160,"column":23},"end":{"line":179,"column":null}},"11":{"start":{"line":181,"column":17},"end":{"line":208,"column":null}},"12":{"start":{"line":210,"column":18},"end":{"line":226,"column":null}},"13":{"start":{"line":228,"column":22},"end":{"line":250,"column":null}},"14":{"start":{"line":252,"column":31},"end":{"line":276,"column":null}},"15":{"start":{"line":42,"column":22},"end":{"line":42,"column":47}},"16":{"start":{"line":43,"column":10},"end":{"line":48,"column":null}},"17":{"start":{"line":49,"column":4},"end":{"line":51,"column":null}},"18":{"start":{"line":61,"column":21},"end":{"line":61,"column":null}},"19":{"start":{"line":62,"column":4},"end":{"line":64,"column":null}},"20":{"start":{"line":63,"column":6},"end":{"line":63,"column":null}},"21":{"start":{"line":65,"column":4},"end":{"line":65,"column":null}},"22":{"start":{"line":76,"column":4},"end":{"line":78,"column":null}},"23":{"start":{"line":77,"column":6},"end":{"line":77,"column":null}},"24":{"start":{"line":79,"column":4},"end":{"line":81,"column":null}},"25":{"start":{"line":82,"column":4},"end":{"line":82,"column":null}},"26":{"start":{"line":87,"column":4},"end":{"line":89,"column":null}},"27":{"start":{"line":88,"column":6},"end":{"line":88,"column":null}},"28":{"start":{"line":91,"column":4},"end":{"line":97,"column":null}},"29":{"start":{"line":106,"column":29},"end":{"line":106,"column":null}},"30":{"start":{"line":107,"column":50},"end":{"line":107,"column":null}},"31":{"start":{"line":109,"column":4},"end":{"line":115,"column":null}},"32":{"start":{"line":109,"column":17},"end":{"line":109,"column":35}},"33":{"start":{"line":110,"column":25},"end":{"line":110,"column":null}},"34":{"start":{"line":111,"column":6},"end":{"line":114,"column":null}},"35":{"start":{"line":112,"column":8},"end":{"line":112,"column":null}},"36":{"start":{"line":113,"column":8},"end":{"line":113,"column":null}},"37":{"start":{"line":117,"column":4},"end":{"line":120,"column":null}},"38":{"start":{"line":119,"column":6},"end":{"line":119,"column":null}},"39":{"start":{"line":122,"column":19},"end":{"line":133,"column":null}},"40":{"start":{"line":136,"column":4},"end":{"line":138,"column":null}},"41":{"start":{"line":137,"column":6},"end":{"line":137,"column":null}},"42":{"start":{"line":139,"column":4},"end":{"line":139,"column":null}},"43":{"start":{"line":148,"column":24},"end":{"line":148,"column":null}},"44":{"start":{"line":149,"column":4},"end":{"line":157,"column":null}},"45":{"start":{"line":170,"column":24},"end":{"line":170,"column":null}},"46":{"start":{"line":171,"column":4},"end":{"line":178,"column":null}},"47":{"start":{"line":191,"column":24},"end":{"line":198,"column":null}},"48":{"start":{"line":199,"column":4},"end":{"line":207,"column":null}},"49":{"start":{"line":216,"column":24},"end":{"line":216,"column":null}},"50":{"start":{"line":217,"column":4},"end":{"line":225,"column":null}},"51":{"start":{"line":234,"column":10},"end":{"line":234,"column":null}},"52":{"start":{"line":235,"column":24},"end":{"line":235,"column":null}},"53":{"start":{"line":236,"column":4},"end":{"line":249,"column":null}},"54":{"start":{"line":260,"column":4},"end":{"line":263,"column":null}},"55":{"start":{"line":262,"column":6},"end":{"line":262,"column":null}},"56":{"start":{"line":265,"column":24},"end":{"line":265,"column":null}},"57":{"start":{"line":266,"column":4},"end":{"line":275,"column":null}}},"fnMap":{"0":{"name":"(anonymous_0)","decl":{"start":{"line":6,"column":28},"end":{"line":6,"column":null}},"loc":{"start":{"line":8,"column":2},"end":{"line":9,"column":null}},"line":8},"1":{"name":"(anonymous_1)","decl":{"start":{"line":42,"column":2},"end":{"line":42,"column":22}},"loc":{"start":{"line":42,"column":47},"end":{"line":52,"column":null}},"line":42},"2":{"name":"(anonymous_2)","decl":{"start":{"line":60,"column":16},"end":{"line":60,"column":26}},"loc":{"start":{"line":60,"column":74},"end":{"line":66,"column":null}},"line":60},"3":{"name":"(anonymous_3)","decl":{"start":{"line":75,"column":15},"end":{"line":75,"column":27}},"loc":{"start":{"line":75,"column":27},"end":{"line":83,"column":null}},"line":75},"4":{"name":"(anonymous_4)","decl":{"start":{"line":85,"column":22},"end":{"line":85,"column":34}},"loc":{"start":{"line":85,"column":34},"end":{"line":98,"column":null}},"line":85},"5":{"name":"(anonymous_5)","decl":{"start":{"line":100,"column":23},"end":{"line":100,"column":null}},"loc":{"start":{"line":104,"column":7},"end":{"line":140,"column":null}},"line":104},"6":{"name":"(anonymous_6)","decl":{"start":{"line":142,"column":23},"end":{"line":142,"column":null}},"loc":{"start":{"line":147,"column":7},"end":{"line":158,"column":null}},"line":147},"7":{"name":"(anonymous_7)","decl":{"start":{"line":160,"column":23},"end":{"line":160,"column":null}},"loc":{"start":{"line":169,"column":7},"end":{"line":179,"column":null}},"line":169},"8":{"name":"(anonymous_8)","decl":{"start":{"line":181,"column":17},"end":{"line":181,"column":null}},"loc":{"start":{"line":190,"column":7},"end":{"line":208,"column":null}},"line":190},"9":{"name":"(anonymous_9)","decl":{"start":{"line":210,"column":18},"end":{"line":210,"column":null}},"loc":{"start":{"line":215,"column":7},"end":{"line":226,"column":null}},"line":215},"10":{"name":"(anonymous_10)","decl":{"start":{"line":228,"column":22},"end":{"line":228,"column":null}},"loc":{"start":{"line":233,"column":7},"end":{"line":250,"column":null}},"line":233},"11":{"name":"(anonymous_11)","decl":{"start":{"line":252,"column":31},"end":{"line":252,"column":null}},"loc":{"start":{"line":259,"column":7},"end":{"line":276,"column":null}},"line":259}},"branchMap":{"0":{"loc":{"start":{"line":62,"column":4},"end":{"line":64,"column":null}},"type":"if","locations":[{"start":{"line":62,"column":4},"end":{"line":64,"column":null}},{"start":{},"end":{}}],"line":62},"1":{"loc":{"start":{"line":76,"column":4},"end":{"line":78,"column":null}},"type":"if","locations":[{"start":{"line":76,"column":4},"end":{"line":78,"column":null}},{"start":{},"end":{}}],"line":76},"2":{"loc":{"start":{"line":87,"column":4},"end":{"line":89,"column":null}},"type":"if","locations":[{"start":{"line":87,"column":4},"end":{"line":89,"column":null}},{"start":{},"end":{}}],"line":87},"3":{"loc":{"start":{"line":87,"column":8},"end":{"line":87,"column":64}},"type":"binary-expr","locations":[{"start":{"line":87,"column":8},"end":{"line":87,"column":30}},{"start":{"line":87,"column":30},"end":{"line":87,"column":64}}],"line":87},"4":{"loc":{"start":{"line":111,"column":6},"end":{"line":114,"column":null}},"type":"if","locations":[{"start":{"line":111,"column":6},"end":{"line":114,"column":null}},{"start":{},"end":{}}],"line":111},"5":{"loc":{"start":{"line":117,"column":4},"end":{"line":120,"column":null}},"type":"if","locations":[{"start":{"line":117,"column":4},"end":{"line":120,"column":null}},{"start":{},"end":{}}],"line":117},"6":{"loc":{"start":{"line":136,"column":4},"end":{"line":138,"column":null}},"type":"if","locations":[{"start":{"line":136,"column":4},"end":{"line":138,"column":null}}],"line":136},"7":{"loc":{"start":{"line":260,"column":4},"end":{"line":263,"column":null}},"type":"if","locations":[{"start":{"line":260,"column":4},"end":{"line":263,"column":null}},{"start":{},"end":{}}],"line":260},"8":{"loc":{"start":{"line":260,"column":8},"end":{"line":260,"column":74}},"type":"binary-expr","locations":[{"start":{"line":260,"column":8},"end":{"line":260,"column":30}},{"start":{"line":260,"column":30},"end":{"line":260,"column":74}}],"line":260}},"s":{"0":1,"1":1,"2":16,"3":32,"4":16,"5":16,"6":4,"7":2,"8":17,"9":4,"10":1,"11":3,"12":2,"13":2,"14":3,"15":16,"16":16,"17":16,"18":32,"19":32,"20":1,"21":31,"22":4,"23":1,"24":3,"25":3,"26":2,"27":1,"28":1,"29":17,"30":17,"31":17,"32":17,"33":26,"34":26,"35":5,"36":5,"37":17,"38":3,"39":14,"40":13,"41":13,"42":13,"43":4,"44":4,"45":1,"46":1,"47":3,"48":3,"49":2,"50":2,"51":2,"52":2,"53":2,"54":3,"55":1,"56":2,"57":2},"f":{"0":16,"1":16,"2":32,"3":4,"4":2,"5":17,"6":4,"7":1,"8":3,"9":2,"10":2,"11":3},"b":{"0":[1,31],"1":[1,3],"2":[1,1],"3":[2,1],"4":[5,21],"5":[3,14],"6":[13],"7":[1,2],"8":[3,1]},"meta":{"lastBranch":9,"lastFunction":12,"lastStatement":58,"seen":{"s:4:6:4:Infinity":0,"s:6:28:9:Infinity":1,"f:6:28:6:Infinity":0,"s:8:2:9:Infinity":2,"s:60:16:66:Infinity":3,"s:69:45:69:Infinity":4,"s:70:38:70:Infinity":5,"s:75:15:83:Infinity":6,"s:85:22:98:Infinity":7,"s:100:23:140:Infinity":8,"s:142:23:158:Infinity":9,"s:160:23:179:Infinity":10,"s:181:17:208:Infinity":11,"s:210:18:226:Infinity":12,"s:228:22:250:Infinity":13,"s:252:31:276:Infinity":14,"f:42:2:42:22":1,"s:42:22:42:47":15,"s:43:10:48:Infinity":16,"s:49:4:51:Infinity":17,"f:60:16:60:26":2,"s:61:21:61:Infinity":18,"b:62:4:64:Infinity:undefined:undefined:undefined:undefined":0,"s:62:4:64:Infinity":19,"s:63:6:63:Infinity":20,"s:65:4:65:Infinity":21,"f:75:15:75:27":3,"b:76:4:78:Infinity:undefined:undefined:undefined:undefined":1,"s:76:4:78:Infinity":22,"s:77:6:77:Infinity":23,"s:79:4:81:Infinity":24,"s:82:4:82:Infinity":25,"f:85:22:85:34":4,"b:87:4:89:Infinity:undefined:undefined:undefined:undefined":2,"s:87:4:89:Infinity":26,"b:87:8:87:30:87:30:87:64":3,"s:88:6:88:Infinity":27,"s:91:4:97:Infinity":28,"f:100:23:100:Infinity":5,"s:106:29:106:Infinity":29,"s:107:50:107:Infinity":30,"s:109:4:115:Infinity":31,"s:109:17:109:35":32,"s:110:25:110:Infinity":33,"b:111:6:114:Infinity:undefined:undefined:undefined:undefined":4,"s:111:6:114:Infinity":34,"s:112:8:112:Infinity":35,"s:113:8:113:Infinity":36,"b:117:4:120:Infinity:undefined:undefined:undefined:undefined":5,"s:117:4:120:Infinity":37,"s:119:6:119:Infinity":38,"s:122:19:133:Infinity":39,"b:136:4:138:Infinity":6,"s:136:4:138:Infinity":40,"s:137:6:137:Infinity":41,"s:139:4:139:Infinity":42,"f:142:23:142:Infinity":6,"s:148:24:148:Infinity":43,"s:149:4:157:Infinity":44,"f:160:23:160:Infinity":7,"s:170:24:170:Infinity":45,"s:171:4:178:Infinity":46,"f:181:17:181:Infinity":8,"s:191:24:198:Infinity":47,"s:199:4:207:Infinity":48,"f:210:18:210:Infinity":9,"s:216:24:216:Infinity":49,"s:217:4:225:Infinity":50,"f:228:22:228:Infinity":10,"s:234:10:234:Infinity":51,"s:235:24:235:Infinity":52,"s:236:4:249:Infinity":53,"f:252:31:252:Infinity":11,"b:260:4:263:Infinity:undefined:undefined:undefined:undefined":7,"s:260:4:263:Infinity":54,"b:260:8:260:30:260:30:260:74":8,"s:262:6:262:Infinity":55,"s:265:24:265:Infinity":56,"s:266:4:275:Infinity":57}}}
,"/home/a-type/long-game/packages/game-api/src/index.ts": {"path":"/home/a-type/long-game/packages/game-api/src/index.ts","statementMap":{"0":{"start":{"line":28,"column":2},"end":{"line":28,"column":null}},"1":{"start":{"line":35,"column":14},"end":{"line":360,"column":null}},"2":{"start":{"line":37,"column":6},"end":{"line":44,"column":null}},"3":{"start":{"line":62,"column":8},"end":{"line":64,"column":null}},"4":{"start":{"line":66,"column":28},"end":{"line":66,"column":null}},"5":{"start":{"line":67,"column":8},"end":{"line":67,"column":null}},"6":{"start":{"line":68,"column":26},"end":{"line":70,"column":null}},"7":{"start":{"line":71,"column":8},"end":{"line":71,"column":null}},"8":{"start":{"line":114,"column":12},"end":{"line":114,"column":null}},"9":{"start":{"line":115,"column":8},"end":{"line":115,"column":null}},"10":{"start":{"line":116,"column":8},"end":{"line":116,"column":null}},"11":{"start":{"line":117,"column":27},"end":{"line":122,"column":null}},"12":{"start":{"line":123,"column":8},"end":{"line":138,"column":null}},"13":{"start":{"line":124,"column":10},"end":{"line":127,"column":null}},"14":{"start":{"line":128,"column":10},"end":{"line":131,"column":null}},"15":{"start":{"line":132,"column":10},"end":{"line":137,"column":null}},"16":{"start":{"line":139,"column":22},"end":{"line":139,"column":null}},"17":{"start":{"line":140,"column":8},"end":{"line":140,"column":null}},"18":{"start":{"line":168,"column":10},"end":{"line":168,"column":null}},"19":{"start":{"line":169,"column":28},"end":{"line":176,"column":null}},"20":{"start":{"line":177,"column":8},"end":{"line":177,"column":null}},"21":{"start":{"line":190,"column":39},"end":{"line":190,"column":null}},"22":{"start":{"line":191,"column":28},"end":{"line":204,"column":null}},"23":{"start":{"line":193,"column":12},"end":{"line":200,"column":null}},"24":{"start":{"line":201,"column":12},"end":{"line":201,"column":null}},"25":{"start":{"line":205,"column":8},"end":{"line":205,"column":null}},"26":{"start":{"line":225,"column":47},"end":{"line":225,"column":null}},"27":{"start":{"line":226,"column":23},"end":{"line":231,"column":null}},"28":{"start":{"line":234,"column":10},"end":{"line":235,"column":null}},"29":{"start":{"line":237,"column":10},"end":{"line":239,"column":null}},"30":{"start":{"line":240,"column":8},"end":{"line":243,"column":null}},"31":{"start":{"line":268,"column":49},"end":{"line":268,"column":null}},"32":{"start":{"line":269,"column":23},"end":{"line":273,"column":null}},"33":{"start":{"line":274,"column":8},"end":{"line":274,"column":null}},"34":{"start":{"line":290,"column":51},"end":{"line":290,"column":64}},"35":{"start":{"line":294,"column":53},"end":{"line":294,"column":66}},"36":{"start":{"line":306,"column":12},"end":{"line":306,"column":null}},"37":{"start":{"line":307,"column":27},"end":{"line":315,"column":null}},"38":{"start":{"line":316,"column":8},"end":{"line":316,"column":null}},"39":{"start":{"line":343,"column":10},"end":{"line":343,"column":null}},"40":{"start":{"line":346,"column":8},"end":{"line":348,"column":null}},"41":{"start":{"line":350,"column":36},"end":{"line":357,"column":null}},"42":{"start":{"line":358,"column":8},"end":{"line":358,"column":null}},"43":{"start":{"line":362,"column":2},"end":{"line":362,"column":null}}},"fnMap":{"0":{"name":"initializeStateCache","decl":{"start":{"line":19,"column":9},"end":{"line":19,"column":null}},"loc":{"start":{"line":27,"column":2},"end":{"line":29,"column":null}},"line":27},"1":{"name":"createGameApi","decl":{"start":{"line":31,"column":16},"end":{"line":31,"column":null}},"loc":{"start":{"line":34,"column":2},"end":{"line":363,"column":null}},"line":34},"2":{"name":"(anonymous_2)","decl":{"start":{"line":36,"column":25},"end":{"line":36,"column":26}},"loc":{"start":{"line":36,"column":34},"end":{"line":45,"column":5}},"line":36},"3":{"name":"(anonymous_3)","decl":{"start":{"line":60,"column":6},"end":{"line":60,"column":13}},"loc":{"start":{"line":60,"column":21},"end":{"line":72,"column":null}},"line":60},"4":{"name":"(anonymous_4)","decl":{"start":{"line":106,"column":6},"end":{"line":106,"column":13}},"loc":{"start":{"line":106,"column":21},"end":{"line":141,"column":null}},"line":106},"5":{"name":"(anonymous_5)","decl":{"start":{"line":166,"column":6},"end":{"line":166,"column":13}},"loc":{"start":{"line":166,"column":21},"end":{"line":178,"column":null}},"line":166},"6":{"name":"(anonymous_6)","decl":{"start":{"line":189,"column":6},"end":{"line":189,"column":13}},"loc":{"start":{"line":189,"column":21},"end":{"line":206,"column":null}},"line":189},"7":{"name":"(anonymous_7)","decl":{"start":{"line":192,"column":10},"end":{"line":192,"column":11}},"loc":{"start":{"line":192,"column":36},"end":{"line":202,"column":null}},"line":192},"8":{"name":"(anonymous_8)","decl":{"start":{"line":224,"column":6},"end":{"line":224,"column":7}},"loc":{"start":{"line":224,"column":15},"end":{"line":244,"column":null}},"line":224},"9":{"name":"(anonymous_9)","decl":{"start":{"line":267,"column":6},"end":{"line":267,"column":7}},"loc":{"start":{"line":267,"column":15},"end":{"line":275,"column":null}},"line":267},"10":{"name":"(anonymous_10)","decl":{"start":{"line":290,"column":42},"end":{"line":290,"column":43}},"loc":{"start":{"line":290,"column":51},"end":{"line":290,"column":64}},"line":290},"11":{"name":"(anonymous_11)","decl":{"start":{"line":294,"column":44},"end":{"line":294,"column":45}},"loc":{"start":{"line":294,"column":53},"end":{"line":294,"column":66}},"line":294},"12":{"name":"(anonymous_12)","decl":{"start":{"line":297,"column":6},"end":{"line":297,"column":7}},"loc":{"start":{"line":297,"column":15},"end":{"line":317,"column":null}},"line":297},"13":{"name":"(anonymous_13)","decl":{"start":{"line":341,"column":6},"end":{"line":341,"column":7}},"loc":{"start":{"line":341,"column":15},"end":{"line":359,"column":null}},"line":341}},"branchMap":{"0":{"loc":{"start":{"line":123,"column":8},"end":{"line":138,"column":null}},"type":"if","locations":[{"start":{"line":123,"column":8},"end":{"line":138,"column":null}},{"start":{},"end":{}}],"line":123},"1":{"loc":{"start":{"line":234,"column":10},"end":{"line":235,"column":null}},"type":"binary-expr","locations":[{"start":{"line":234,"column":10},"end":{"line":234,"column":null}},{"start":{"line":235,"column":10},"end":{"line":235,"column":null}}],"line":234},"2":{"loc":{"start":{"line":237,"column":10},"end":{"line":239,"column":null}},"type":"cond-expr","locations":[{"start":{"line":238,"column":14},"end":{"line":238,"column":null}},{"start":{"line":239,"column":14},"end":{"line":239,"column":null}}],"line":237},"3":{"loc":{"start":{"line":242,"column":19},"end":{"line":242,"column":null}},"type":"binary-expr","locations":[{"start":{"line":242,"column":19},"end":{"line":242,"column":35}},{"start":{"line":242,"column":35},"end":{"line":242,"column":null}}],"line":242},"4":{"loc":{"start":{"line":356,"column":26},"end":{"line":356,"column":null}},"type":"cond-expr","locations":[{"start":{"line":356,"column":43},"end":{"line":356,"column":68}},{"start":{"line":356,"column":68},"end":{"line":356,"column":null}}],"line":356}},"s":{"0":13,"1":1,"2":3,"3":1,"4":1,"5":1,"6":1,"7":1,"8":13,"9":13,"10":13,"11":13,"12":13,"13":2,"14":2,"15":2,"16":13,"17":13,"18":4,"19":4,"20":4,"21":1,"22":1,"23":2,"24":2,"25":1,"26":3,"27":3,"28":3,"29":3,"30":3,"31":2,"32":2,"33":2,"34":2,"35":2,"36":2,"37":2,"38":2,"39":2,"40":2,"41":2,"42":2,"43":1},"f":{"0":13,"1":1,"2":3,"3":1,"4":13,"5":4,"6":1,"7":2,"8":3,"9":2,"10":2,"11":2,"12":2,"13":2},"b":{"0":[2,11],"1":[3,2],"2":[1,2],"3":[3,1],"4":[1,1]},"meta":{"lastBranch":5,"lastFunction":14,"lastStatement":44,"seen":{"f:19:9:19:Infinity":0,"s:28:2:28:Infinity":0,"f:31:16:31:Infinity":1,"s:35:14:360:Infinity":1,"f:36:25:36:26":2,"s:37:6:44:Infinity":2,"f:60:6:60:13":3,"s:62:8:64:Infinity":3,"s:66:28:66:Infinity":4,"s:67:8:67:Infinity":5,"s:68:26:70:Infinity":6,"s:71:8:71:Infinity":7,"f:106:6:106:13":4,"s:114:12:114:Infinity":8,"s:115:8:115:Infinity":9,"s:116:8:116:Infinity":10,"s:117:27:122:Infinity":11,"b:123:8:138:Infinity:undefined:undefined:undefined:undefined":0,"s:123:8:138:Infinity":12,"s:124:10:127:Infinity":13,"s:128:10:131:Infinity":14,"s:132:10:137:Infinity":15,"s:139:22:139:Infinity":16,"s:140:8:140:Infinity":17,"f:166:6:166:13":5,"s:168:10:168:Infinity":18,"s:169:28:176:Infinity":19,"s:177:8:177:Infinity":20,"f:189:6:189:13":6,"s:190:39:190:Infinity":21,"s:191:28:204:Infinity":22,"f:192:10:192:11":7,"s:193:12:200:Infinity":23,"s:201:12:201:Infinity":24,"s:205:8:205:Infinity":25,"f:224:6:224:7":8,"s:225:47:225:Infinity":26,"s:226:23:231:Infinity":27,"s:234:10:235:Infinity":28,"b:234:10:234:Infinity:235:10:235:Infinity":1,"s:237:10:239:Infinity":29,"b:238:14:238:Infinity:239:14:239:Infinity":2,"s:240:8:243:Infinity":30,"b:242:19:242:35:242:35:242:Infinity":3,"f:267:6:267:7":9,"s:268:49:268:Infinity":31,"s:269:23:273:Infinity":32,"s:274:8:274:Infinity":33,"f:290:42:290:43":10,"s:290:51:290:64":34,"f:294:44:294:45":11,"s:294:53:294:66":35,"f:297:6:297:7":12,"s:306:12:306:Infinity":36,"s:307:27:315:Infinity":37,"s:316:8:316:Infinity":38,"f:341:6:341:7":13,"s:343:10:343:Infinity":39,"s:346:8:348:Infinity":40,"s:350:36:357:Infinity":41,"b:356:43:356:68:356:68:356:Infinity":4,"s:358:8:358:Infinity":42,"s:362:2:362:Infinity":43}}}
,"/home/a-type/long-game/packages/game-api/test/testGameDefinition.ts": {"path":"/home/a-type/long-game/packages/game-api/test/testGameDefinition.ts","statementMap":{"0":{"start":{"line":36,"column":5},"end":{"line":119,"column":null}},"1":{"start":{"line":41,"column":4},"end":{"line":45,"column":null}},"2":{"start":{"line":48,"column":4},"end":{"line":50,"column":null}},"3":{"start":{"line":62,"column":4},"end":{"line":64,"column":null}},"4":{"start":{"line":63,"column":6},"end":{"line":63,"column":null}},"5":{"start":{"line":65,"column":4},"end":{"line":65,"column":null}},"6":{"start":{"line":68,"column":4},"end":{"line":70,"column":null}},"7":{"start":{"line":69,"column":6},"end":{"line":69,"column":null}},"8":{"start":{"line":73,"column":4},"end":{"line":76,"column":null}},"9":{"start":{"line":80,"column":6},"end":{"line":80,"column":null}},"10":{"start":{"line":80,"column":46},"end":{"line":80,"column":69}},"11":{"start":{"line":81,"column":4},"end":{"line":83,"column":null}},"12":{"start":{"line":86,"column":4},"end":{"line":91,"column":null}},"13":{"start":{"line":87,"column":6},"end":{"line":90,"column":null}},"14":{"start":{"line":92,"column":4},"end":{"line":94,"column":null}},"15":{"start":{"line":97,"column":4},"end":{"line":103,"column":null}},"16":{"start":{"line":98,"column":6},"end":{"line":102,"column":null}},"17":{"start":{"line":99,"column":8},"end":{"line":99,"column":null}},"18":{"start":{"line":100,"column":6},"end":{"line":102,"column":null}},"19":{"start":{"line":101,"column":8},"end":{"line":101,"column":null}},"20":{"start":{"line":107,"column":4},"end":{"line":116,"column":null}},"21":{"start":{"line":109,"column":26},"end":{"line":109,"column":54}},"22":{"start":{"line":110,"column":24},"end":{"line":112,"column":10}}},"fnMap":{"0":{"name":"(anonymous_0)","decl":{"start":{"line":40,"column":25},"end":{"line":40,"column":26}},"loc":{"start":{"line":40,"column":50},"end":{"line":46,"column":null}},"line":40},"1":{"name":"(anonymous_1)","decl":{"start":{"line":47,"column":16},"end":{"line":47,"column":17}},"loc":{"start":{"line":47,"column":33},"end":{"line":51,"column":null}},"line":47},"2":{"name":"(anonymous_2)","decl":{"start":{"line":61,"column":16},"end":{"line":61,"column":17}},"loc":{"start":{"line":61,"column":30},"end":{"line":66,"column":null}},"line":61},"3":{"name":"(anonymous_3)","decl":{"start":{"line":67,"column":23},"end":{"line":67,"column":24}},"loc":{"start":{"line":67,"column":37},"end":{"line":71,"column":null}},"line":67},"4":{"name":"(anonymous_4)","decl":{"start":{"line":72,"column":17},"end":{"line":72,"column":18}},"loc":{"start":{"line":72,"column":31},"end":{"line":77,"column":null}},"line":72},"5":{"name":"(anonymous_5)","decl":{"start":{"line":78,"column":18},"end":{"line":78,"column":19}},"loc":{"start":{"line":78,"column":69},"end":{"line":84,"column":null}},"line":78},"6":{"name":"(anonymous_6)","decl":{"start":{"line":80,"column":39},"end":{"line":80,"column":40}},"loc":{"start":{"line":80,"column":46},"end":{"line":80,"column":69}},"line":80},"7":{"name":"(anonymous_7)","decl":{"start":{"line":85,"column":13},"end":{"line":85,"column":14}},"loc":{"start":{"line":85,"column":51},"end":{"line":95,"column":null}},"line":85},"8":{"name":"(anonymous_8)","decl":{"start":{"line":96,"column":27},"end":{"line":96,"column":28}},"loc":{"start":{"line":96,"column":63},"end":{"line":104,"column":null}},"line":96},"9":{"name":"(anonymous_9)","decl":{"start":{"line":106,"column":26},"end":{"line":106,"column":27}},"loc":{"start":{"line":106,"column":50},"end":{"line":118,"column":null}},"line":106},"10":{"name":"(anonymous_10)","decl":{"start":{"line":109,"column":16},"end":{"line":109,"column":17}},"loc":{"start":{"line":109,"column":26},"end":{"line":109,"column":54}},"line":109},"11":{"name":"(anonymous_11)","decl":{"start":{"line":110,"column":13},"end":{"line":110,"column":14}},"loc":{"start":{"line":110,"column":24},"end":{"line":112,"column":10}},"line":110}},"branchMap":{"0":{"loc":{"start":{"line":62,"column":4},"end":{"line":64,"column":null}},"type":"if","locations":[{"start":{"line":62,"column":4},"end":{"line":64,"column":null}},{"start":{},"end":{}}],"line":62},"1":{"loc":{"start":{"line":68,"column":4},"end":{"line":70,"column":null}},"type":"if","locations":[{"start":{"line":68,"column":4},"end":{"line":70,"column":null}},{"start":{},"end":{}}],"line":68},"2":{"loc":{"start":{"line":80,"column":6},"end":{"line":80,"column":null}},"type":"binary-expr","locations":[{"start":{"line":80,"column":6},"end":{"line":80,"column":74}},{"start":{"line":80,"column":74},"end":{"line":80,"column":null}}],"line":80},"3":{"loc":{"start":{"line":82,"column":16},"end":{"line":82,"column":null}},"type":"binary-expr","locations":[{"start":{"line":82,"column":16},"end":{"line":82,"column":47}},{"start":{"line":82,"column":47},"end":{"line":82,"column":null}}],"line":82},"4":{"loc":{"start":{"line":86,"column":4},"end":{"line":91,"column":null}},"type":"if","locations":[{"start":{"line":86,"column":4},"end":{"line":91,"column":null}},{"start":{},"end":{}}],"line":86},"5":{"loc":{"start":{"line":98,"column":6},"end":{"line":102,"column":null}},"type":"if","locations":[{"start":{"line":98,"column":6},"end":{"line":102,"column":null}},{"start":{"line":100,"column":6},"end":{"line":102,"column":null}}],"line":98},"6":{"loc":{"start":{"line":100,"column":6},"end":{"line":102,"column":null}},"type":"if","locations":[{"start":{"line":100,"column":6},"end":{"line":102,"column":null}},{"start":{},"end":{}}],"line":100},"7":{"loc":{"start":{"line":108,"column":6},"end":{"line":116,"column":null}},"type":"binary-expr","locations":[{"start":{"line":108,"column":6},"end":{"line":112,"column":15}},{"start":{"line":112,"column":15},"end":{"line":116,"column":null}}],"line":108}},"s":{"0":1,"1":13,"2":1,"3":2,"4":1,"5":1,"6":3,"7":1,"8":2,"9":4,"10":2,"11":4,"12":2,"13":1,"14":1,"15":9,"16":17,"17":2,"18":15,"19":6,"20":2,"21":2,"22":1},"f":{"0":13,"1":1,"2":2,"3":3,"4":2,"5":4,"6":2,"7":2,"8":9,"9":2,"10":2,"11":1},"b":{"0":[1,1],"1":[1,2],"2":[4,3],"3":[4,3],"4":[1,1],"5":[2,15],"6":[6,9],"7":[2,1]},"meta":{"lastBranch":8,"lastFunction":12,"lastStatement":23,"seen":{"s:36:5:119:Infinity":0,"f:40:25:40:26":0,"s:41:4:45:Infinity":1,"f:47:16:47:17":1,"s:48:4:50:Infinity":2,"f:61:16:61:17":2,"b:62:4:64:Infinity:undefined:undefined:undefined:undefined":0,"s:62:4:64:Infinity":3,"s:63:6:63:Infinity":4,"s:65:4:65:Infinity":5,"f:67:23:67:24":3,"b:68:4:70:Infinity:undefined:undefined:undefined:undefined":1,"s:68:4:70:Infinity":6,"s:69:6:69:Infinity":7,"f:72:17:72:18":4,"s:73:4:76:Infinity":8,"f:78:18:78:19":5,"s:80:6:80:Infinity":9,"b:80:6:80:74:80:74:80:Infinity":2,"f:80:39:80:40":6,"s:80:46:80:69":10,"s:81:4:83:Infinity":11,"b:82:16:82:47:82:47:82:Infinity":3,"f:85:13:85:14":7,"b:86:4:91:Infinity:undefined:undefined:undefined:undefined":4,"s:86:4:91:Infinity":12,"s:87:6:90:Infinity":13,"s:92:4:94:Infinity":14,"f:96:27:96:28":8,"s:97:4:103:Infinity":15,"b:98:6:102:Infinity:100:6:102:Infinity":5,"s:98:6:102:Infinity":16,"s:99:8:99:Infinity":17,"b:100:6:102:Infinity:undefined:undefined:undefined:undefined":6,"s:100:6:102:Infinity":18,"s:101:8:101:Infinity":19,"f:106:26:106:27":9,"s:107:4:116:Infinity":20,"b:108:6:112:15:112:15:116:Infinity":7,"f:109:16:109:17":10,"s:109:26:109:54":21,"f:110:13:110:14":11,"s:110:24:112:10":22}}}
,"/home/a-type/long-game/packages/game-api/test/testServer.ts": {"path":"/home/a-type/long-game/packages/game-api/test/testServer.ts","statementMap":{"0":{"start":{"line":6,"column":8},"end":{"line":24,"column":null}},"1":{"start":{"line":26,"column":8},"end":{"line":29,"column":null}},"2":{"start":{"line":30,"column":2},"end":{"line":32,"column":null}},"3":{"start":{"line":31,"column":4},"end":{"line":31,"column":null}}},"fnMap":{"0":{"name":"(anonymous_0)","decl":{"start":{"line":5,"column":15},"end":{"line":5,"column":21}},"loc":{"start":{"line":5,"column":21},"end":{"line":33,"column":null}},"line":5},"1":{"name":"(anonymous_1)","decl":{"start":{"line":30,"column":9},"end":{"line":30,"column":15}},"loc":{"start":{"line":30,"column":15},"end":{"line":32,"column":null}},"line":30}},"branchMap":{},"s":{"0":1,"1":1,"2":1,"3":1},"f":{"0":1,"1":1},"b":{},"meta":{"lastBranch":0,"lastFunction":2,"lastStatement":4,"seen":{"f:5:15:5:21":0,"s:6:8:24:Infinity":0,"s:26:8:29:Infinity":1,"s:30:2:32:Infinity":2,"f:30:9:30:15":1,"s:31:4:31:Infinity":3}}}
}
